<?xml version="1.0" encoding="UTF-8"?>
<!-- Generated by org.testng.reporters.JUnitXMLReporter -->
<testsuite hostname="TYSS" ignored="1" name="Default test" tests="1" failures="0" timestamp="2019-11-22T07:48:28 IST" time="23.27" errors="0">
  <testcase name="testSortListbox" time="12.724" classname="scripts.TestScripts"/>
  <testcase name="tesCreateEmployee" time="0.0" classname="scripts.TestScripts">
    <ignored/>
  </testcase> <!-- tesCreateEmployee -->
</testsuite> <!-- Default test -->
