<?xml version="1.0" encoding="UTF-8"?>
<testng-results skipped="0" failed="0" ignored="1" total="2" passed="1">
  <reporter-output>
    <line>
      <![CDATA[title is matchingOrangeHRM]]>
    </line>
    <line>
      <![CDATA[List box is sorted:Pass]]>
    </line>
  </reporter-output>
  <suite name="Suite" duration-ms="13878" started-at="2019-11-26T07:38:25 IST" finished-at="2019-11-26T07:38:39 IST">
    <groups>
    </groups>
    <test name="Test" duration-ms="13878" started-at="2019-11-26T07:38:25 IST" finished-at="2019-11-26T07:38:39 IST">
      <class name="scripts.TestScripts">
        <test-method status="PASS" signature="preCondition()[pri:0, instance:scripts.TestScripts@53f65459]" name="preCondition" is-config="true" duration-ms="6884" started-at="2019-11-26T07:38:25 IST" finished-at="2019-11-26T07:38:32 IST">
          <reporter-output>
          </reporter-output>
        </test-method> <!-- preCondition -->
        <test-method status="PASS" signature="testSortListbox()[pri:0, instance:scripts.TestScripts@53f65459]" name="testSortListbox" duration-ms="6514" started-at="2019-11-26T07:38:32 IST" finished-at="2019-11-26T07:38:38 IST">
          <reporter-output>
            <line>
              <![CDATA[title is matchingOrangeHRM]]>
            </line>
            <line>
              <![CDATA[List box is sorted:Pass]]>
            </line>
          </reporter-output>
        </test-method> <!-- testSortListbox -->
        <test-method status="PASS" signature="postCondition()[pri:0, instance:scripts.TestScripts@53f65459]" name="postCondition" is-config="true" duration-ms="375" started-at="2019-11-26T07:38:38 IST" finished-at="2019-11-26T07:38:39 IST">
          <reporter-output>
          </reporter-output>
        </test-method> <!-- postCondition -->
      </class> <!-- scripts.TestScripts -->
    </test> <!-- Test -->
  </suite> <!-- Suite -->
</testng-results>
